13:10:59.949 [schedule-pool-7] INFO  sys-user - [run,56] - [127.0.0.1]内网IP[李四][Success][登录成功]
16:11:18.640 [main] INFO  c.r.RuoYiApplication - [logStarting,50] - Starting RuoYiApplication on Vetch with PID 24256 (started by vetch in C:\Users\75440\Desktop\毕设\项目\hospital\hospital\hospital_server)
16:11:18.645 [main] INFO  c.r.RuoYiApplication - [logStartupProfileInfo,651] - The following profiles are active: druid
16:11:23.015 [main] INFO  o.a.c.h.Http11NioProtocol - [log,173] - Initializing ProtocolHandler ["http-nio-8089"]
16:11:23.025 [main] INFO  o.a.c.c.StandardService - [log,173] - Starting service [Tomcat]
16:11:23.025 [main] INFO  o.a.c.c.StandardEngine - [log,173] - Starting Servlet engine: [Apache Tomcat/9.0.22]
16:11:23.166 [main] INFO  o.a.c.c.C.[.[.[/] - [log,173] - Initializing Spring embedded WebApplicationContext
16:11:24.232 [main] INFO  o.a.c.c.StandardService - [log,173] - Stopping service [Tomcat]
16:11:53.115 [main] INFO  c.r.RuoYiApplication - [logStarting,50] - Starting RuoYiApplication on Vetch with PID 29636 (started by vetch in C:\Users\75440\Desktop\毕设\项目\hospital\hospital\hospital_server)
16:11:53.119 [main] INFO  c.r.RuoYiApplication - [logStartupProfileInfo,651] - The following profiles are active: druid
16:11:55.832 [main] INFO  o.a.c.h.Http11NioProtocol - [log,173] - Initializing ProtocolHandler ["http-nio-8089"]
16:11:55.846 [main] INFO  o.a.c.c.StandardService - [log,173] - Starting service [Tomcat]
16:11:55.846 [main] INFO  o.a.c.c.StandardEngine - [log,173] - Starting Servlet engine: [Apache Tomcat/9.0.22]
16:11:55.963 [main] INFO  o.a.c.c.C.[.[.[/] - [log,173] - Initializing Spring embedded WebApplicationContext
16:12:01.889 [main] INFO  o.q.i.StdSchedulerFactory - [instantiate,1208] - Using default implementation for ThreadExecutor
16:12:01.909 [main] INFO  o.q.c.SchedulerSignalerImpl - [<init>,61] - Initialized Scheduler Signaller of type: class org.quartz.core.SchedulerSignalerImpl
16:12:01.910 [main] INFO  o.q.c.QuartzScheduler - [<init>,229] - Quartz Scheduler v.2.3.1 created.
16:12:03.741 [main] INFO  c.a.d.p.DruidDataSource - [init,991] - {dataSource-1} inited
16:12:03.747 [main] INFO  o.q.c.QuartzScheduler - [initialize,294] - Scheduler meta-data: Quartz Scheduler (v2.3.1) 'RuoyiScheduler' with instanceId 'NON_CLUSTERED'
  Scheduler class: 'org.quartz.core.QuartzScheduler' - running locally.
  NOT STARTED.
  Currently in standby mode.
  Number of jobs executed: 0
  Using thread pool 'org.quartz.simpl.SimpleThreadPool' - with 20 threads.
  Using job-store 'org.springframework.scheduling.quartz.LocalDataSourceJobStore' - which supports persistence. and is not clustered.

16:12:03.747 [main] INFO  o.q.i.StdSchedulerFactory - [instantiate,1362] - Quartz scheduler 'RuoyiScheduler' initialized from an externally provided properties instance.
16:12:03.748 [main] INFO  o.q.i.StdSchedulerFactory - [instantiate,1366] - Quartz scheduler version: 2.3.1
16:12:03.749 [main] INFO  o.q.c.QuartzScheduler - [setJobFactory,2293] - JobFactory set to: org.springframework.scheduling.quartz.AdaptableJobFactory@6c9e74f3
16:12:03.805 [main] INFO  s.d.s.w.PropertySourcedRequestMappingHandlerMapping - [initHandlerMethods,69] - Mapped URL path [/v2/api-docs] onto method [public org.springframework.http.ResponseEntity<springfox.documentation.spring.web.json.Json> springfox.documentation.swagger2.web.Swagger2Controller.getDocumentation(java.lang.String,javax.servlet.http.HttpServletRequest)]
16:12:10.541 [main] INFO  s.d.s.w.p.DocumentationPluginsBootstrapper - [start,160] - Context refreshed
16:12:10.683 [main] INFO  s.d.s.w.p.DocumentationPluginsBootstrapper - [start,163] - Found 1 custom documentation plugin(s)
16:12:10.845 [main] INFO  s.d.s.w.s.ApiListingReferenceScanner - [scan,41] - Scanning for api listing references
16:12:11.363 [main] INFO  s.d.s.w.r.o.CachingOperationNameGenerator - [startingWith,40] - Generating unique operation named: removeUsingDELETE_1
16:12:11.368 [main] INFO  s.d.s.w.r.o.CachingOperationNameGenerator - [startingWith,40] - Generating unique operation named: listUsingGET_1
16:12:11.373 [main] INFO  s.d.s.w.r.o.CachingOperationNameGenerator - [startingWith,40] - Generating unique operation named: editUsingPUT_1
16:12:11.375 [main] INFO  s.d.s.w.r.o.CachingOperationNameGenerator - [startingWith,40] - Generating unique operation named: listUsingGET_2
16:12:11.381 [main] INFO  s.d.s.w.r.o.CachingOperationNameGenerator - [startingWith,40] - Generating unique operation named: addUsingPOST_1
16:12:11.392 [main] INFO  s.d.s.w.r.o.CachingOperationNameGenerator - [startingWith,40] - Generating unique operation named: editUsingPUT_2
16:12:11.394 [main] INFO  s.d.s.w.r.o.CachingOperationNameGenerator - [startingWith,40] - Generating unique operation named: listUsingGET_3
16:12:11.496 [main] INFO  o.a.c.h.Http11NioProtocol - [log,173] - Starting ProtocolHandler ["http-nio-8089"]
16:12:11.568 [main] INFO  c.r.RuoYiApplication - [logStarted,59] - Started RuoYiApplication in 19.074 seconds (JVM running for 20.94)
16:12:14.806 [Quartz Scheduler [RuoyiScheduler]] INFO  o.q.c.QuartzScheduler - [start,547] - Scheduler RuoyiScheduler_$_NON_CLUSTERED started.
16:18:13.551 [Thread-42] INFO  o.q.c.QuartzScheduler - [standby,585] - Scheduler RuoyiScheduler_$_NON_CLUSTERED paused.
16:18:13.613 [Thread-42] INFO  o.q.c.QuartzScheduler - [shutdown,666] - Scheduler RuoyiScheduler_$_NON_CLUSTERED shutting down.
16:18:13.613 [Thread-42] INFO  o.q.c.QuartzScheduler - [standby,585] - Scheduler RuoyiScheduler_$_NON_CLUSTERED paused.
16:18:13.614 [Thread-42] INFO  o.q.c.QuartzScheduler - [shutdown,740] - Scheduler RuoyiScheduler_$_NON_CLUSTERED shutdown complete.
16:18:13.615 [Thread-42] INFO  sys-user - [shutdownAsyncManager,31] - ====关闭后台任务任务线程池====
16:18:13.668 [Thread-42] INFO  c.a.d.p.DruidDataSource - [close,1928] - {dataSource-1} closed
16:18:24.642 [main] INFO  c.r.RuoYiApplication - [logStarting,50] - Starting RuoYiApplication on Vetch with PID 11272 (started by vetch in C:\Users\75440\Desktop\毕设\项目\hospital\hospital\hospital_server)
16:18:24.654 [main] INFO  c.r.RuoYiApplication - [logStartupProfileInfo,651] - The following profiles are active: druid
16:18:27.695 [main] INFO  o.a.c.h.Http11NioProtocol - [log,173] - Initializing ProtocolHandler ["http-nio-8089"]
16:18:27.704 [main] INFO  o.a.c.c.StandardService - [log,173] - Starting service [Tomcat]
16:18:27.704 [main] INFO  o.a.c.c.StandardEngine - [log,173] - Starting Servlet engine: [Apache Tomcat/9.0.22]
16:18:27.827 [main] INFO  o.a.c.c.C.[.[.[/] - [log,173] - Initializing Spring embedded WebApplicationContext
16:18:30.019 [main] INFO  o.q.i.StdSchedulerFactory - [instantiate,1208] - Using default implementation for ThreadExecutor
16:18:30.035 [main] INFO  o.q.c.SchedulerSignalerImpl - [<init>,61] - Initialized Scheduler Signaller of type: class org.quartz.core.SchedulerSignalerImpl
16:18:30.035 [main] INFO  o.q.c.QuartzScheduler - [<init>,229] - Quartz Scheduler v.2.3.1 created.
16:18:30.659 [main] INFO  c.a.d.p.DruidDataSource - [init,991] - {dataSource-1} inited
16:18:30.664 [main] INFO  o.q.c.QuartzScheduler - [initialize,294] - Scheduler meta-data: Quartz Scheduler (v2.3.1) 'RuoyiScheduler' with instanceId 'NON_CLUSTERED'
  Scheduler class: 'org.quartz.core.QuartzScheduler' - running locally.
  NOT STARTED.
  Currently in standby mode.
  Number of jobs executed: 0
  Using thread pool 'org.quartz.simpl.SimpleThreadPool' - with 20 threads.
  Using job-store 'org.springframework.scheduling.quartz.LocalDataSourceJobStore' - which supports persistence. and is not clustered.

16:18:30.665 [main] INFO  o.q.i.StdSchedulerFactory - [instantiate,1362] - Quartz scheduler 'RuoyiScheduler' initialized from an externally provided properties instance.
16:18:30.665 [main] INFO  o.q.i.StdSchedulerFactory - [instantiate,1366] - Quartz scheduler version: 2.3.1
16:18:30.666 [main] INFO  o.q.c.QuartzScheduler - [setJobFactory,2293] - JobFactory set to: org.springframework.scheduling.quartz.AdaptableJobFactory@4f7ef948
16:18:30.700 [main] INFO  s.d.s.w.PropertySourcedRequestMappingHandlerMapping - [initHandlerMethods,69] - Mapped URL path [/v2/api-docs] onto method [public org.springframework.http.ResponseEntity<springfox.documentation.spring.web.json.Json> springfox.documentation.swagger2.web.Swagger2Controller.getDocumentation(java.lang.String,javax.servlet.http.HttpServletRequest)]
16:18:31.889 [main] INFO  s.d.s.w.p.DocumentationPluginsBootstrapper - [start,160] - Context refreshed
16:18:31.939 [main] INFO  s.d.s.w.p.DocumentationPluginsBootstrapper - [start,163] - Found 1 custom documentation plugin(s)
16:18:31.998 [main] INFO  s.d.s.w.s.ApiListingReferenceScanner - [scan,41] - Scanning for api listing references
16:18:32.205 [main] INFO  s.d.s.w.r.o.CachingOperationNameGenerator - [startingWith,40] - Generating unique operation named: removeUsingDELETE_1
16:18:32.210 [main] INFO  s.d.s.w.r.o.CachingOperationNameGenerator - [startingWith,40] - Generating unique operation named: listUsingGET_1
16:18:32.216 [main] INFO  s.d.s.w.r.o.CachingOperationNameGenerator - [startingWith,40] - Generating unique operation named: editUsingPUT_1
16:18:32.217 [main] INFO  s.d.s.w.r.o.CachingOperationNameGenerator - [startingWith,40] - Generating unique operation named: listUsingGET_2
16:18:32.222 [main] INFO  s.d.s.w.r.o.CachingOperationNameGenerator - [startingWith,40] - Generating unique operation named: addUsingPOST_1
16:18:32.232 [main] INFO  s.d.s.w.r.o.CachingOperationNameGenerator - [startingWith,40] - Generating unique operation named: editUsingPUT_2
16:18:32.235 [main] INFO  s.d.s.w.r.o.CachingOperationNameGenerator - [startingWith,40] - Generating unique operation named: listUsingGET_3
16:18:32.253 [main] INFO  o.a.c.h.Http11NioProtocol - [log,173] - Starting ProtocolHandler ["http-nio-8089"]
16:18:32.341 [main] INFO  c.r.RuoYiApplication - [logStarted,59] - Started RuoYiApplication in 8.138 seconds (JVM running for 9.658)
16:18:33.842 [Quartz Scheduler [RuoyiScheduler]] INFO  o.q.c.QuartzScheduler - [start,547] - Scheduler RuoyiScheduler_$_NON_CLUSTERED started.
16:26:04.512 [http-nio-8089-exec-2] INFO  o.a.c.c.C.[.[.[/] - [log,173] - Initializing Spring DispatcherServlet 'dispatcherServlet'
16:28:57.243 [schedule-pool-1] INFO  sys-user - [run,56] - [127.0.0.1]内网IP[李四][Success][登录成功]
16:34:12.245 [Thread-23] INFO  o.q.c.QuartzScheduler - [standby,585] - Scheduler RuoyiScheduler_$_NON_CLUSTERED paused.
16:34:12.319 [Thread-23] INFO  o.q.c.QuartzScheduler - [shutdown,666] - Scheduler RuoyiScheduler_$_NON_CLUSTERED shutting down.
16:34:12.320 [Thread-23] INFO  o.q.c.QuartzScheduler - [standby,585] - Scheduler RuoyiScheduler_$_NON_CLUSTERED paused.
16:34:12.321 [Thread-23] INFO  o.q.c.QuartzScheduler - [shutdown,740] - Scheduler RuoyiScheduler_$_NON_CLUSTERED shutdown complete.
16:34:12.322 [Thread-23] INFO  sys-user - [shutdownAsyncManager,31] - ====关闭后台任务任务线程池====
16:34:12.342 [Thread-23] INFO  c.a.d.p.DruidDataSource - [close,1928] - {dataSource-1} closed
16:34:29.482 [main] INFO  c.r.RuoYiApplication - [logStarting,50] - Starting RuoYiApplication on Vetch with PID 29264 (started by vetch in C:\Users\75440\Desktop\毕设\项目\hospital\hospital\hospital_server)
16:34:29.486 [main] INFO  c.r.RuoYiApplication - [logStartupProfileInfo,651] - The following profiles are active: druid
16:34:32.425 [main] INFO  o.a.c.h.Http11NioProtocol - [log,173] - Initializing ProtocolHandler ["http-nio-8089"]
16:34:32.434 [main] INFO  o.a.c.c.StandardService - [log,173] - Starting service [Tomcat]
16:34:32.435 [main] INFO  o.a.c.c.StandardEngine - [log,173] - Starting Servlet engine: [Apache Tomcat/9.0.22]
16:34:32.538 [main] INFO  o.a.c.c.C.[.[.[/] - [log,173] - Initializing Spring embedded WebApplicationContext
16:34:34.460 [main] INFO  o.q.i.StdSchedulerFactory - [instantiate,1208] - Using default implementation for ThreadExecutor
16:34:34.470 [main] INFO  o.q.c.SchedulerSignalerImpl - [<init>,61] - Initialized Scheduler Signaller of type: class org.quartz.core.SchedulerSignalerImpl
16:34:34.471 [main] INFO  o.q.c.QuartzScheduler - [<init>,229] - Quartz Scheduler v.2.3.1 created.
16:34:34.771 [main] INFO  c.a.d.p.DruidDataSource - [init,991] - {dataSource-1} inited
16:34:34.776 [main] INFO  o.q.c.QuartzScheduler - [initialize,294] - Scheduler meta-data: Quartz Scheduler (v2.3.1) 'RuoyiScheduler' with instanceId 'NON_CLUSTERED'
  Scheduler class: 'org.quartz.core.QuartzScheduler' - running locally.
  NOT STARTED.
  Currently in standby mode.
  Number of jobs executed: 0
  Using thread pool 'org.quartz.simpl.SimpleThreadPool' - with 20 threads.
  Using job-store 'org.springframework.scheduling.quartz.LocalDataSourceJobStore' - which supports persistence. and is not clustered.

16:34:34.777 [main] INFO  o.q.i.StdSchedulerFactory - [instantiate,1362] - Quartz scheduler 'RuoyiScheduler' initialized from an externally provided properties instance.
16:34:34.777 [main] INFO  o.q.i.StdSchedulerFactory - [instantiate,1366] - Quartz scheduler version: 2.3.1
16:34:34.778 [main] INFO  o.q.c.QuartzScheduler - [setJobFactory,2293] - JobFactory set to: org.springframework.scheduling.quartz.AdaptableJobFactory@3e151e1f
16:34:34.807 [main] INFO  s.d.s.w.PropertySourcedRequestMappingHandlerMapping - [initHandlerMethods,69] - Mapped URL path [/v2/api-docs] onto method [public org.springframework.http.ResponseEntity<springfox.documentation.spring.web.json.Json> springfox.documentation.swagger2.web.Swagger2Controller.getDocumentation(java.lang.String,javax.servlet.http.HttpServletRequest)]
16:34:35.799 [main] INFO  s.d.s.w.p.DocumentationPluginsBootstrapper - [start,160] - Context refreshed
16:34:35.905 [main] INFO  s.d.s.w.p.DocumentationPluginsBootstrapper - [start,163] - Found 1 custom documentation plugin(s)
16:34:35.940 [main] INFO  s.d.s.w.s.ApiListingReferenceScanner - [scan,41] - Scanning for api listing references
16:34:36.088 [main] INFO  s.d.s.w.r.o.CachingOperationNameGenerator - [startingWith,40] - Generating unique operation named: removeUsingDELETE_1
16:34:36.094 [main] INFO  s.d.s.w.r.o.CachingOperationNameGenerator - [startingWith,40] - Generating unique operation named: listUsingGET_1
16:34:36.099 [main] INFO  s.d.s.w.r.o.CachingOperationNameGenerator - [startingWith,40] - Generating unique operation named: editUsingPUT_1
16:34:36.100 [main] INFO  s.d.s.w.r.o.CachingOperationNameGenerator - [startingWith,40] - Generating unique operation named: listUsingGET_2
16:34:36.106 [main] INFO  s.d.s.w.r.o.CachingOperationNameGenerator - [startingWith,40] - Generating unique operation named: addUsingPOST_1
16:34:36.115 [main] INFO  s.d.s.w.r.o.CachingOperationNameGenerator - [startingWith,40] - Generating unique operation named: editUsingPUT_2
16:34:36.117 [main] INFO  s.d.s.w.r.o.CachingOperationNameGenerator - [startingWith,40] - Generating unique operation named: listUsingGET_3
16:34:36.133 [main] INFO  o.a.c.h.Http11NioProtocol - [log,173] - Starting ProtocolHandler ["http-nio-8089"]
16:34:36.171 [main] INFO  c.r.RuoYiApplication - [logStarted,59] - Started RuoYiApplication in 7.339 seconds (JVM running for 8.559)
16:34:37.467 [Quartz Scheduler [RuoyiScheduler]] INFO  o.q.c.QuartzScheduler - [start,547] - Scheduler RuoyiScheduler_$_NON_CLUSTERED started.
16:34:42.587 [http-nio-8089-exec-2] INFO  o.a.c.c.C.[.[.[/] - [log,173] - Initializing Spring DispatcherServlet 'dispatcherServlet'
16:34:54.333 [schedule-pool-1] INFO  sys-user - [run,56] - [127.0.0.1]内网IP[李四][Success][登录成功]
16:45:04.128 [main] INFO  c.r.RuoYiApplication - [logStarting,50] - Starting RuoYiApplication on Vetch with PID 29500 (started by vetch in C:\Users\75440\Desktop\毕设\项目\hospital\hospital\hospital_server)
16:45:04.131 [main] INFO  c.r.RuoYiApplication - [logStartupProfileInfo,651] - The following profiles are active: druid
16:45:06.638 [main] INFO  o.a.c.h.Http11NioProtocol - [log,173] - Initializing ProtocolHandler ["http-nio-8089"]
16:45:06.646 [main] INFO  o.a.c.c.StandardService - [log,173] - Starting service [Tomcat]
16:45:06.647 [main] INFO  o.a.c.c.StandardEngine - [log,173] - Starting Servlet engine: [Apache Tomcat/9.0.22]
16:45:06.752 [main] INFO  o.a.c.c.C.[.[.[/] - [log,173] - Initializing Spring embedded WebApplicationContext
16:45:08.454 [main] INFO  o.q.i.StdSchedulerFactory - [instantiate,1208] - Using default implementation for ThreadExecutor
16:45:08.466 [main] INFO  o.q.c.SchedulerSignalerImpl - [<init>,61] - Initialized Scheduler Signaller of type: class org.quartz.core.SchedulerSignalerImpl
16:45:08.466 [main] INFO  o.q.c.QuartzScheduler - [<init>,229] - Quartz Scheduler v.2.3.1 created.
16:45:08.681 [main] INFO  c.a.d.p.DruidDataSource - [init,991] - {dataSource-1} inited
16:45:08.685 [main] INFO  o.q.c.QuartzScheduler - [initialize,294] - Scheduler meta-data: Quartz Scheduler (v2.3.1) 'RuoyiScheduler' with instanceId 'NON_CLUSTERED'
  Scheduler class: 'org.quartz.core.QuartzScheduler' - running locally.
  NOT STARTED.
  Currently in standby mode.
  Number of jobs executed: 0
  Using thread pool 'org.quartz.simpl.SimpleThreadPool' - with 20 threads.
  Using job-store 'org.springframework.scheduling.quartz.LocalDataSourceJobStore' - which supports persistence. and is not clustered.

16:45:08.685 [main] INFO  o.q.i.StdSchedulerFactory - [instantiate,1362] - Quartz scheduler 'RuoyiScheduler' initialized from an externally provided properties instance.
16:45:08.685 [main] INFO  o.q.i.StdSchedulerFactory - [instantiate,1366] - Quartz scheduler version: 2.3.1
16:45:08.686 [main] INFO  o.q.c.QuartzScheduler - [setJobFactory,2293] - JobFactory set to: org.springframework.scheduling.quartz.AdaptableJobFactory@7d3bf8db
16:45:08.715 [main] INFO  s.d.s.w.PropertySourcedRequestMappingHandlerMapping - [initHandlerMethods,69] - Mapped URL path [/v2/api-docs] onto method [public org.springframework.http.ResponseEntity<springfox.documentation.spring.web.json.Json> springfox.documentation.swagger2.web.Swagger2Controller.getDocumentation(java.lang.String,javax.servlet.http.HttpServletRequest)]
16:45:09.645 [main] INFO  s.d.s.w.p.DocumentationPluginsBootstrapper - [start,160] - Context refreshed
16:45:09.659 [main] INFO  s.d.s.w.p.DocumentationPluginsBootstrapper - [start,163] - Found 1 custom documentation plugin(s)
16:45:09.692 [main] INFO  s.d.s.w.s.ApiListingReferenceScanner - [scan,41] - Scanning for api listing references
16:45:09.839 [main] INFO  s.d.s.w.r.o.CachingOperationNameGenerator - [startingWith,40] - Generating unique operation named: removeUsingDELETE_1
16:45:09.844 [main] INFO  s.d.s.w.r.o.CachingOperationNameGenerator - [startingWith,40] - Generating unique operation named: listUsingGET_1
16:45:09.850 [main] INFO  s.d.s.w.r.o.CachingOperationNameGenerator - [startingWith,40] - Generating unique operation named: editUsingPUT_1
16:45:09.852 [main] INFO  s.d.s.w.r.o.CachingOperationNameGenerator - [startingWith,40] - Generating unique operation named: listUsingGET_2
16:45:09.858 [main] INFO  s.d.s.w.r.o.CachingOperationNameGenerator - [startingWith,40] - Generating unique operation named: addUsingPOST_1
16:45:09.867 [main] INFO  s.d.s.w.r.o.CachingOperationNameGenerator - [startingWith,40] - Generating unique operation named: editUsingPUT_2
16:45:09.870 [main] INFO  s.d.s.w.r.o.CachingOperationNameGenerator - [startingWith,40] - Generating unique operation named: listUsingGET_3
16:45:09.886 [main] INFO  o.a.c.h.Http11NioProtocol - [log,173] - Starting ProtocolHandler ["http-nio-8089"]
16:45:09.912 [main] INFO  c.r.RuoYiApplication - [logStarted,59] - Started RuoYiApplication in 6.331 seconds (JVM running for 7.341)
16:45:11.021 [Quartz Scheduler [RuoyiScheduler]] INFO  o.q.c.QuartzScheduler - [start,547] - Scheduler RuoyiScheduler_$_NON_CLUSTERED started.
16:45:39.445 [http-nio-8089-exec-1] INFO  o.a.c.c.C.[.[.[/] - [log,173] - Initializing Spring DispatcherServlet 'dispatcherServlet'
16:45:52.923 [schedule-pool-1] INFO  sys-user - [run,56] - [127.0.0.1]内网IP[李四][Success][登录成功]
16:46:46.342 [main] INFO  c.r.RuoYiApplication - [logStarting,50] - Starting RuoYiApplication on Vetch with PID 19780 (started by vetch in C:\Users\75440\Desktop\毕设\项目\hospital\hospital\hospital_server)
16:46:46.344 [main] INFO  c.r.RuoYiApplication - [logStartupProfileInfo,651] - The following profiles are active: druid
16:46:48.728 [main] INFO  o.a.c.h.Http11NioProtocol - [log,173] - Initializing ProtocolHandler ["http-nio-8089"]
16:46:48.736 [main] INFO  o.a.c.c.StandardService - [log,173] - Starting service [Tomcat]
16:46:48.736 [main] INFO  o.a.c.c.StandardEngine - [log,173] - Starting Servlet engine: [Apache Tomcat/9.0.22]
16:46:48.837 [main] INFO  o.a.c.c.C.[.[.[/] - [log,173] - Initializing Spring embedded WebApplicationContext
16:46:50.858 [main] INFO  o.q.i.StdSchedulerFactory - [instantiate,1208] - Using default implementation for ThreadExecutor
16:46:50.869 [main] INFO  o.q.c.SchedulerSignalerImpl - [<init>,61] - Initialized Scheduler Signaller of type: class org.quartz.core.SchedulerSignalerImpl
16:46:50.869 [main] INFO  o.q.c.QuartzScheduler - [<init>,229] - Quartz Scheduler v.2.3.1 created.
16:46:51.000 [main] INFO  c.a.d.p.DruidDataSource - [init,991] - {dataSource-1} inited
16:46:51.005 [main] INFO  o.q.c.QuartzScheduler - [initialize,294] - Scheduler meta-data: Quartz Scheduler (v2.3.1) 'RuoyiScheduler' with instanceId 'NON_CLUSTERED'
  Scheduler class: 'org.quartz.core.QuartzScheduler' - running locally.
  NOT STARTED.
  Currently in standby mode.
  Number of jobs executed: 0
  Using thread pool 'org.quartz.simpl.SimpleThreadPool' - with 20 threads.
  Using job-store 'org.springframework.scheduling.quartz.LocalDataSourceJobStore' - which supports persistence. and is not clustered.

16:46:51.005 [main] INFO  o.q.i.StdSchedulerFactory - [instantiate,1362] - Quartz scheduler 'RuoyiScheduler' initialized from an externally provided properties instance.
16:46:51.006 [main] INFO  o.q.i.StdSchedulerFactory - [instantiate,1366] - Quartz scheduler version: 2.3.1
16:46:51.007 [main] INFO  o.q.c.QuartzScheduler - [setJobFactory,2293] - JobFactory set to: org.springframework.scheduling.quartz.AdaptableJobFactory@26bb92e2
16:46:51.039 [main] INFO  s.d.s.w.PropertySourcedRequestMappingHandlerMapping - [initHandlerMethods,69] - Mapped URL path [/v2/api-docs] onto method [public org.springframework.http.ResponseEntity<springfox.documentation.spring.web.json.Json> springfox.documentation.swagger2.web.Swagger2Controller.getDocumentation(java.lang.String,javax.servlet.http.HttpServletRequest)]
16:46:52.111 [main] INFO  s.d.s.w.p.DocumentationPluginsBootstrapper - [start,160] - Context refreshed
16:46:52.126 [main] INFO  s.d.s.w.p.DocumentationPluginsBootstrapper - [start,163] - Found 1 custom documentation plugin(s)
16:46:52.160 [main] INFO  s.d.s.w.s.ApiListingReferenceScanner - [scan,41] - Scanning for api listing references
16:46:52.301 [main] INFO  s.d.s.w.r.o.CachingOperationNameGenerator - [startingWith,40] - Generating unique operation named: removeUsingDELETE_1
16:46:52.307 [main] INFO  s.d.s.w.r.o.CachingOperationNameGenerator - [startingWith,40] - Generating unique operation named: listUsingGET_1
16:46:52.311 [main] INFO  s.d.s.w.r.o.CachingOperationNameGenerator - [startingWith,40] - Generating unique operation named: editUsingPUT_1
16:46:52.313 [main] INFO  s.d.s.w.r.o.CachingOperationNameGenerator - [startingWith,40] - Generating unique operation named: listUsingGET_2
16:46:52.319 [main] INFO  s.d.s.w.r.o.CachingOperationNameGenerator - [startingWith,40] - Generating unique operation named: addUsingPOST_1
16:46:52.328 [main] INFO  s.d.s.w.r.o.CachingOperationNameGenerator - [startingWith,40] - Generating unique operation named: editUsingPUT_2
16:46:52.331 [main] INFO  s.d.s.w.r.o.CachingOperationNameGenerator - [startingWith,40] - Generating unique operation named: listUsingGET_3
16:46:52.350 [main] INFO  o.a.c.h.Http11NioProtocol - [log,173] - Starting ProtocolHandler ["http-nio-8089"]
16:46:52.378 [main] INFO  c.r.RuoYiApplication - [logStarted,59] - Started RuoYiApplication in 6.441 seconds (JVM running for 7.493)
16:46:53.535 [Quartz Scheduler [RuoyiScheduler]] INFO  o.q.c.QuartzScheduler - [start,547] - Scheduler RuoyiScheduler_$_NON_CLUSTERED started.
16:47:11.641 [main] INFO  c.r.RuoYiApplication - [logStarting,50] - Starting RuoYiApplication on Vetch with PID 14676 (started by vetch in C:\Users\75440\Desktop\毕设\项目\hospital\hospital\hospital_server)
16:47:11.644 [main] INFO  c.r.RuoYiApplication - [logStartupProfileInfo,651] - The following profiles are active: druid
16:47:14.058 [main] INFO  o.a.c.h.Http11NioProtocol - [log,173] - Initializing ProtocolHandler ["http-nio-8089"]
16:47:14.072 [main] INFO  o.a.c.c.StandardService - [log,173] - Starting service [Tomcat]
16:47:14.073 [main] INFO  o.a.c.c.StandardEngine - [log,173] - Starting Servlet engine: [Apache Tomcat/9.0.22]
16:47:14.186 [main] INFO  o.a.c.c.C.[.[.[/] - [log,173] - Initializing Spring embedded WebApplicationContext
16:47:15.913 [main] INFO  o.q.i.StdSchedulerFactory - [instantiate,1208] - Using default implementation for ThreadExecutor
16:47:15.923 [main] INFO  o.q.c.SchedulerSignalerImpl - [<init>,61] - Initialized Scheduler Signaller of type: class org.quartz.core.SchedulerSignalerImpl
16:47:15.923 [main] INFO  o.q.c.QuartzScheduler - [<init>,229] - Quartz Scheduler v.2.3.1 created.
16:47:16.062 [main] INFO  c.a.d.p.DruidDataSource - [init,991] - {dataSource-1} inited
16:47:16.065 [main] INFO  o.q.c.QuartzScheduler - [initialize,294] - Scheduler meta-data: Quartz Scheduler (v2.3.1) 'RuoyiScheduler' with instanceId 'NON_CLUSTERED'
  Scheduler class: 'org.quartz.core.QuartzScheduler' - running locally.
  NOT STARTED.
  Currently in standby mode.
  Number of jobs executed: 0
  Using thread pool 'org.quartz.simpl.SimpleThreadPool' - with 20 threads.
  Using job-store 'org.springframework.scheduling.quartz.LocalDataSourceJobStore' - which supports persistence. and is not clustered.

16:47:16.066 [main] INFO  o.q.i.StdSchedulerFactory - [instantiate,1362] - Quartz scheduler 'RuoyiScheduler' initialized from an externally provided properties instance.
16:47:16.066 [main] INFO  o.q.i.StdSchedulerFactory - [instantiate,1366] - Quartz scheduler version: 2.3.1
16:47:16.068 [main] INFO  o.q.c.QuartzScheduler - [setJobFactory,2293] - JobFactory set to: org.springframework.scheduling.quartz.AdaptableJobFactory@2b2a4332
16:47:16.096 [main] INFO  s.d.s.w.PropertySourcedRequestMappingHandlerMapping - [initHandlerMethods,69] - Mapped URL path [/v2/api-docs] onto method [public org.springframework.http.ResponseEntity<springfox.documentation.spring.web.json.Json> springfox.documentation.swagger2.web.Swagger2Controller.getDocumentation(java.lang.String,javax.servlet.http.HttpServletRequest)]
16:47:17.029 [main] INFO  s.d.s.w.p.DocumentationPluginsBootstrapper - [start,160] - Context refreshed
16:47:17.045 [main] INFO  s.d.s.w.p.DocumentationPluginsBootstrapper - [start,163] - Found 1 custom documentation plugin(s)
16:47:17.079 [main] INFO  s.d.s.w.s.ApiListingReferenceScanner - [scan,41] - Scanning for api listing references
16:47:17.225 [main] INFO  s.d.s.w.r.o.CachingOperationNameGenerator - [startingWith,40] - Generating unique operation named: removeUsingDELETE_1
16:47:17.232 [main] INFO  s.d.s.w.r.o.CachingOperationNameGenerator - [startingWith,40] - Generating unique operation named: listUsingGET_1
16:47:17.238 [main] INFO  s.d.s.w.r.o.CachingOperationNameGenerator - [startingWith,40] - Generating unique operation named: editUsingPUT_1
16:47:17.240 [main] INFO  s.d.s.w.r.o.CachingOperationNameGenerator - [startingWith,40] - Generating unique operation named: listUsingGET_2
16:47:17.248 [main] INFO  s.d.s.w.r.o.CachingOperationNameGenerator - [startingWith,40] - Generating unique operation named: addUsingPOST_1
16:47:17.260 [main] INFO  s.d.s.w.r.o.CachingOperationNameGenerator - [startingWith,40] - Generating unique operation named: editUsingPUT_2
16:47:17.264 [main] INFO  s.d.s.w.r.o.CachingOperationNameGenerator - [startingWith,40] - Generating unique operation named: listUsingGET_3
16:47:17.281 [main] INFO  o.a.c.h.Http11NioProtocol - [log,173] - Starting ProtocolHandler ["http-nio-8089"]
16:47:17.316 [main] INFO  c.r.RuoYiApplication - [logStarted,59] - Started RuoYiApplication in 6.023 seconds (JVM running for 6.889)
16:47:18.450 [Quartz Scheduler [RuoyiScheduler]] INFO  o.q.c.QuartzScheduler - [start,547] - Scheduler RuoyiScheduler_$_NON_CLUSTERED started.
16:47:36.809 [http-nio-8089-exec-1] INFO  o.a.c.c.C.[.[.[/] - [log,173] - Initializing Spring DispatcherServlet 'dispatcherServlet'
16:47:45.373 [schedule-pool-1] INFO  sys-user - [run,56] - [127.0.0.1]内网IP[李四][Success][登录成功]
17:07:18.041 [main] INFO  c.r.RuoYiApplication - [logStarting,50] - Starting RuoYiApplication on Vetch with PID 29048 (started by vetch in C:\Users\75440\Desktop\毕设\项目\hospital\hospital\hospital_server)
17:07:18.044 [main] INFO  c.r.RuoYiApplication - [logStartupProfileInfo,651] - The following profiles are active: druid
17:07:21.091 [main] INFO  o.a.c.h.Http11NioProtocol - [log,173] - Initializing ProtocolHandler ["http-nio-8089"]
17:07:21.101 [main] INFO  o.a.c.c.StandardService - [log,173] - Starting service [Tomcat]
17:07:21.102 [main] INFO  o.a.c.c.StandardEngine - [log,173] - Starting Servlet engine: [Apache Tomcat/9.0.22]
17:07:21.258 [main] INFO  o.a.c.c.C.[.[.[/] - [log,173] - Initializing Spring embedded WebApplicationContext
17:07:23.570 [main] INFO  o.q.i.StdSchedulerFactory - [instantiate,1208] - Using default implementation for ThreadExecutor
17:07:23.589 [main] INFO  o.q.c.SchedulerSignalerImpl - [<init>,61] - Initialized Scheduler Signaller of type: class org.quartz.core.SchedulerSignalerImpl
17:07:23.590 [main] INFO  o.q.c.QuartzScheduler - [<init>,229] - Quartz Scheduler v.2.3.1 created.
17:07:23.917 [main] INFO  c.a.d.p.DruidDataSource - [init,991] - {dataSource-1} inited
17:07:23.921 [main] INFO  o.q.c.QuartzScheduler - [initialize,294] - Scheduler meta-data: Quartz Scheduler (v2.3.1) 'RuoyiScheduler' with instanceId 'NON_CLUSTERED'
  Scheduler class: 'org.quartz.core.QuartzScheduler' - running locally.
  NOT STARTED.
  Currently in standby mode.
  Number of jobs executed: 0
  Using thread pool 'org.quartz.simpl.SimpleThreadPool' - with 20 threads.
  Using job-store 'org.springframework.scheduling.quartz.LocalDataSourceJobStore' - which supports persistence. and is not clustered.

17:07:23.922 [main] INFO  o.q.i.StdSchedulerFactory - [instantiate,1362] - Quartz scheduler 'RuoyiScheduler' initialized from an externally provided properties instance.
17:07:23.922 [main] INFO  o.q.i.StdSchedulerFactory - [instantiate,1366] - Quartz scheduler version: 2.3.1
17:07:23.923 [main] INFO  o.q.c.QuartzScheduler - [setJobFactory,2293] - JobFactory set to: org.springframework.scheduling.quartz.AdaptableJobFactory@6b3d9c38
17:07:23.952 [main] INFO  s.d.s.w.PropertySourcedRequestMappingHandlerMapping - [initHandlerMethods,69] - Mapped URL path [/v2/api-docs] onto method [public org.springframework.http.ResponseEntity<springfox.documentation.spring.web.json.Json> springfox.documentation.swagger2.web.Swagger2Controller.getDocumentation(java.lang.String,javax.servlet.http.HttpServletRequest)]
17:07:24.944 [main] INFO  s.d.s.w.p.DocumentationPluginsBootstrapper - [start,160] - Context refreshed
17:07:24.976 [main] INFO  s.d.s.w.p.DocumentationPluginsBootstrapper - [start,163] - Found 1 custom documentation plugin(s)
17:07:25.011 [main] INFO  s.d.s.w.s.ApiListingReferenceScanner - [scan,41] - Scanning for api listing references
17:07:25.196 [main] INFO  s.d.s.w.r.o.CachingOperationNameGenerator - [startingWith,40] - Generating unique operation named: removeUsingDELETE_1
17:07:25.201 [main] INFO  s.d.s.w.r.o.CachingOperationNameGenerator - [startingWith,40] - Generating unique operation named: listUsingGET_1
17:07:25.205 [main] INFO  s.d.s.w.r.o.CachingOperationNameGenerator - [startingWith,40] - Generating unique operation named: editUsingPUT_1
17:07:25.208 [main] INFO  s.d.s.w.r.o.CachingOperationNameGenerator - [startingWith,40] - Generating unique operation named: listUsingGET_2
17:07:25.213 [main] INFO  s.d.s.w.r.o.CachingOperationNameGenerator - [startingWith,40] - Generating unique operation named: addUsingPOST_1
17:07:25.221 [main] INFO  s.d.s.w.r.o.CachingOperationNameGenerator - [startingWith,40] - Generating unique operation named: editUsingPUT_2
17:07:25.224 [main] INFO  s.d.s.w.r.o.CachingOperationNameGenerator - [startingWith,40] - Generating unique operation named: listUsingGET_3
17:07:25.241 [main] INFO  o.a.c.h.Http11NioProtocol - [log,173] - Starting ProtocolHandler ["http-nio-8089"]
17:07:25.278 [main] INFO  c.r.RuoYiApplication - [logStarted,59] - Started RuoYiApplication in 7.831 seconds (JVM running for 9.262)
17:07:26.544 [Quartz Scheduler [RuoyiScheduler]] INFO  o.q.c.QuartzScheduler - [start,547] - Scheduler RuoyiScheduler_$_NON_CLUSTERED started.
