09:57:05.560 [QuartzScheduler_RuoyiScheduler-NON_CLUSTERED_MisfireHandler] ERROR c.a.d.f.s.StatFilter - [internalAfterStatementExecute,478] - slow sql 2341 millis. SELECT COUNT(TRIGGER_NAME) FROM QRTZ_TRIGGERS WHERE SCHED_NAME = 'RuoyiScheduler' AND NOT (MISFIRE_INSTR = -1) AND NEXT_FIRE_TIME < ? AND TRIGGER_STATE = ?[1618797408886,"WAITING"]
09:57:07.834 [Druid-ConnectionPool-Create-1039550799] ERROR c.a.d.p.DruidDataSource - [run,2572] - create connection SQLException, url: jdbc:mysql://localhost:3306/hospital?serverTimezone=GMT%2B8, errorCode 0, state 08S01
com.mysql.cj.jdbc.exceptions.CommunicationsException: Communications link failure

The last packet sent successfully to the server was 0 milliseconds ago. The driver has not received any packets from the server.
	at com.mysql.cj.jdbc.exceptions.SQLError.createCommunicationsException(SQLError.java:174)
	at com.mysql.cj.jdbc.exceptions.SQLExceptionsMapping.translateException(SQLExceptionsMapping.java:64)
	at com.mysql.cj.jdbc.ConnectionImpl.createNewIO(ConnectionImpl.java:827)
	at com.mysql.cj.jdbc.ConnectionImpl.<init>(ConnectionImpl.java:447)
	at com.mysql.cj.jdbc.ConnectionImpl.getInstance(ConnectionImpl.java:237)
	at com.mysql.cj.jdbc.NonRegisteringDriver.connect(NonRegisteringDriver.java:199)
	at com.alibaba.druid.filter.FilterChainImpl.connection_connect(FilterChainImpl.java:156)
	at com.alibaba.druid.filter.stat.StatFilter.connection_connect(StatFilter.java:218)
	at com.alibaba.druid.filter.FilterChainImpl.connection_connect(FilterChainImpl.java:150)
	at com.alibaba.druid.pool.DruidAbstractDataSource.createPhysicalConnection(DruidAbstractDataSource.java:1580)
	at com.alibaba.druid.pool.DruidAbstractDataSource.createPhysicalConnection(DruidAbstractDataSource.java:1644)
	at com.alibaba.druid.pool.DruidDataSource$CreateConnectionThread.run(DruidDataSource.java:2570)
Caused by: com.mysql.cj.exceptions.CJCommunicationsException: Communications link failure

The last packet sent successfully to the server was 0 milliseconds ago. The driver has not received any packets from the server.
	at sun.reflect.NativeConstructorAccessorImpl.newInstance0(Native Method)
	at sun.reflect.NativeConstructorAccessorImpl.newInstance(NativeConstructorAccessorImpl.java:62)
	at sun.reflect.DelegatingConstructorAccessorImpl.newInstance(DelegatingConstructorAccessorImpl.java:45)
	at java.lang.reflect.Constructor.newInstance(Constructor.java:423)
	at com.mysql.cj.exceptions.ExceptionFactory.createException(ExceptionFactory.java:61)
	at com.mysql.cj.exceptions.ExceptionFactory.createException(ExceptionFactory.java:105)
	at com.mysql.cj.exceptions.ExceptionFactory.createException(ExceptionFactory.java:151)
	at com.mysql.cj.exceptions.ExceptionFactory.createCommunicationsException(ExceptionFactory.java:167)
	at com.mysql.cj.protocol.a.NativeProtocol.negotiateSSLConnection(NativeProtocol.java:340)
	at com.mysql.cj.protocol.a.NativeAuthenticationProvider.negotiateSSLConnection(NativeAuthenticationProvider.java:777)
	at com.mysql.cj.protocol.a.NativeAuthenticationProvider.proceedHandshakeWithPluggableAuthentication(NativeAuthenticationProvider.java:486)
	at com.mysql.cj.protocol.a.NativeAuthenticationProvider.connect(NativeAuthenticationProvider.java:202)
	at com.mysql.cj.protocol.a.NativeProtocol.connect(NativeProtocol.java:1348)
	at com.mysql.cj.NativeSession.connect(NativeSession.java:163)
	at com.mysql.cj.jdbc.ConnectionImpl.connectOneTryOnly(ConnectionImpl.java:947)
	at com.mysql.cj.jdbc.ConnectionImpl.createNewIO(ConnectionImpl.java:817)
	... 9 common frames omitted
Caused by: java.net.SocketException: Software caused connection abort: recv failed
	at java.net.SocketInputStream.socketRead0(Native Method)
	at java.net.SocketInputStream.socketRead(SocketInputStream.java:116)
	at java.net.SocketInputStream.read(SocketInputStream.java:171)
	at java.net.SocketInputStream.read(SocketInputStream.java:141)
	at sun.security.ssl.InputRecord.readFully(InputRecord.java:465)
	at sun.security.ssl.InputRecord.read(InputRecord.java:503)
	at sun.security.ssl.SSLSocketImpl.readRecord(SSLSocketImpl.java:975)
	at sun.security.ssl.SSLSocketImpl.performInitialHandshake(SSLSocketImpl.java:1367)
	at sun.security.ssl.SSLSocketImpl.startHandshake(SSLSocketImpl.java:1395)
	at sun.security.ssl.SSLSocketImpl.startHandshake(SSLSocketImpl.java:1379)
	at com.mysql.cj.protocol.ExportControlled.performTlsHandshake(ExportControlled.java:316)
	at com.mysql.cj.protocol.StandardSocketFactory.performTlsHandshake(StandardSocketFactory.java:188)
	at com.mysql.cj.protocol.a.NativeSocketConnection.performTlsHandshake(NativeSocketConnection.java:99)
	at com.mysql.cj.protocol.a.NativeProtocol.negotiateSSLConnection(NativeProtocol.java:331)
	... 16 common frames omitted
09:59:06.497 [QuartzScheduler_RuoyiScheduler-NON_CLUSTERED_MisfireHandler] ERROR c.a.d.f.s.StatFilter - [internalAfterStatementExecute,478] - slow sql 1311 millis. SELECT COUNT(TRIGGER_NAME) FROM QRTZ_TRIGGERS WHERE SCHED_NAME = 'RuoyiScheduler' AND NOT (MISFIRE_INSTR = -1) AND NEXT_FIRE_TIME < ? AND TRIGGER_STATE = ?[1618797533181,"WAITING"]
09:59:44.213 [RuoyiScheduler_QuartzSchedulerThread] ERROR c.a.d.f.s.StatFilter - [internalAfterStatementExecute,478] - slow sql 1047 millis. SELECT TRIGGER_NAME, TRIGGER_GROUP, NEXT_FIRE_TIME, PRIORITY FROM QRTZ_TRIGGERS WHERE SCHED_NAME = 'RuoyiScheduler' AND TRIGGER_STATE = ? AND NEXT_FIRE_TIME <= ? AND (MISFIRE_INSTR = -1 OR (MISFIRE_INSTR != -1 AND NEXT_FIRE_TIME >= ?)) ORDER BY NEXT_FIRE_TIME ASC, PRIORITY DESC["WAITING",1618797613163,1618797571163]
09:59:44.253 [QuartzScheduler_RuoyiScheduler-NON_CLUSTERED_MisfireHandler] ERROR c.a.d.f.s.StatFilter - [internalAfterStatementExecute,478] - slow sql 1087 millis. SELECT COUNT(TRIGGER_NAME) FROM QRTZ_TRIGGERS WHERE SCHED_NAME = 'RuoyiScheduler' AND NOT (MISFIRE_INSTR = -1) AND NEXT_FIRE_TIME < ? AND TRIGGER_STATE = ?[1618797571163,"WAITING"]
